2019-11-15 01:41:35.0644|INFO|Microsoft.AspNetCore.DataProtection.KeyManagement.XmlKeyManager|User profile is available. Using 'C:\Users\Admin\AppData\Local\ASP.NET\DataProtection-Keys' as key repository and Windows DPAPI to encrypt keys at rest.
2019-11-15 01:41:36.8969|INFO|Microsoft.AspNetCore.Hosting.Internal.WebHost|Request starting HTTP/1.1 GET http://localhost:5005/api/search  
2019-11-15 01:41:36.9035|INFO|Microsoft.AspNetCore.Hosting.Internal.WebHost|Request starting HTTP/1.1 GET http://localhost:5005/api/search  
2019-11-15 01:41:37.0520|INFO|Microsoft.AspNetCore.Hosting.Internal.WebHost|Request finished in 154.9613ms 404 
2019-11-15 01:41:37.0520|INFO|Microsoft.AspNetCore.Hosting.Internal.WebHost|Request finished in 154.9613ms 404 
2019-11-15 01:42:03.7147|INFO|Microsoft.AspNetCore.Hosting.Internal.WebHost|Request starting HTTP/1.1 GET http://localhost:5005/api/search/ application/json 48
2019-11-15 01:42:03.7147|INFO|Microsoft.AspNetCore.Hosting.Internal.WebHost|Request starting HTTP/1.1 GET http://localhost:5005/api/search/ application/json 48
2019-11-15 01:42:03.7343|INFO|Microsoft.AspNetCore.Hosting.Internal.WebHost|Request finished in 16.6576ms 404 
2019-11-15 01:42:03.7343|INFO|Microsoft.AspNetCore.Hosting.Internal.WebHost|Request finished in 16.6576ms 404 
2019-11-15 01:42:03.7485|INFO|Microsoft.AspNetCore.Server.Kestrel|Connection id "0HLR97RCPTU9N", Request id "0HLR97RCPTU9N:00000001": the application completed without reading the entire request body.
2019-11-15 01:42:03.7485|INFO|Microsoft.AspNetCore.Server.Kestrel|Connection id "0HLR97RCPTU9N", Request id "0HLR97RCPTU9N:00000001": the application completed without reading the entire request body.
2019-11-15 01:42:25.5971|INFO|Microsoft.AspNetCore.Hosting.Internal.WebHost|Request starting HTTP/1.1 GET http://localhost:5005/api/search/c  
2019-11-15 01:42:25.5971|INFO|Microsoft.AspNetCore.Hosting.Internal.WebHost|Request starting HTTP/1.1 GET http://localhost:5005/api/search/c  
2019-11-15 01:42:25.6411|INFO|Microsoft.AspNetCore.Mvc.Internal.ControllerActionInvoker|Route matched with {action = "Get", controller = "Search"}. Executing controller action with signature Microsoft.AspNetCore.Mvc.ActionResult`1[System.Collections.Generic.IEnumerable`1[MOD.SearchService.Models.SearchResponse]] Get(System.String) on controller MOD.SearchService.Controllers.SearchController (MOD.SearchService).
2019-11-15 01:42:25.6411|INFO|Microsoft.AspNetCore.Mvc.Internal.ControllerActionInvoker|Route matched with {action = "Get", controller = "Search"}. Executing controller action with signature Microsoft.AspNetCore.Mvc.ActionResult`1[System.Collections.Generic.IEnumerable`1[MOD.SearchService.Models.SearchResponse]] Get(System.String) on controller MOD.SearchService.Controllers.SearchController (MOD.SearchService).
2019-11-15 01:42:27.6294|INFO|Microsoft.AspNetCore.Mvc.Internal.ControllerActionInvoker|Executing action method MOD.SearchService.Controllers.SearchController.Get (MOD.SearchService) - Validation state: Valid
2019-11-15 01:42:27.6294|INFO|Microsoft.AspNetCore.Mvc.Internal.ControllerActionInvoker|Executing action method MOD.SearchService.Controllers.SearchController.Get (MOD.SearchService) - Validation state: Valid
2019-11-15 01:42:28.3556|INFO|Microsoft.EntityFrameworkCore.Infrastructure|Entity Framework Core 2.1.11-servicing-32099 initialized 'SearchContext' using provider 'Microsoft.EntityFrameworkCore.SqlServer' with options: None
2019-11-15 01:42:28.3556|INFO|Microsoft.EntityFrameworkCore.Infrastructure|Entity Framework Core 2.1.11-servicing-32099 initialized 'SearchContext' using provider 'Microsoft.EntityFrameworkCore.SqlServer' with options: None
2019-11-15 01:42:28.6065|INFO|Microsoft.EntityFrameworkCore.Database.Command|Executed DbCommand (42ms) [Parameters=[@__ToUpper_0='?' (Size = 4000)], CommandType='Text', CommandTimeout='30']
SELECT [train].[Id], [train].[AmountReceived], [train].[AverageRating], [train].[CommisionAmount], [train].[EndDate], [train].[EndTime], [train].[Fees], [train].[MentorId], [train].[MentorName], [train].[Progress], [train].[Rating], [train].[StartDate], [train].[StartTime], [train].[Status], [train].[TechnologyId], [train].[TechnologyName], [train].[UserId], [train].[UserName]
FROM [Technologies] AS [tech]
INNER JOIN [Training] AS [train] ON [tech].[Id] = [train].[TechnologyId]
WHERE (CHARINDEX(@__ToUpper_0, UPPER([tech].[Name])) > 0) OR (@__ToUpper_0 = N'')
2019-11-15 01:42:28.6065|INFO|Microsoft.EntityFrameworkCore.Database.Command|Executed DbCommand (42ms) [Parameters=[@__ToUpper_0='?' (Size = 4000)], CommandType='Text', CommandTimeout='30']
SELECT [train].[Id], [train].[AmountReceived], [train].[AverageRating], [train].[CommisionAmount], [train].[EndDate], [train].[EndTime], [train].[Fees], [train].[MentorId], [train].[MentorName], [train].[Progress], [train].[Rating], [train].[StartDate], [train].[StartTime], [train].[Status], [train].[TechnologyId], [train].[TechnologyName], [train].[UserId], [train].[UserName]
FROM [Technologies] AS [tech]
INNER JOIN [Training] AS [train] ON [tech].[Id] = [train].[TechnologyId]
WHERE (CHARINDEX(@__ToUpper_0, UPPER([tech].[Name])) > 0) OR (@__ToUpper_0 = N'')
2019-11-15 01:42:28.6739|INFO|MOD.SearchService.Controllers.SearchController|SuccessIndicator = true
2019-11-15 01:42:28.6739|INFO|MOD.SearchService.Controllers.SearchController|SuccessIndicator = true
2019-11-15 01:42:28.6811|INFO|Microsoft.AspNetCore.Mvc.Internal.ControllerActionInvoker|Executed action method MOD.SearchService.Controllers.SearchController.Get (MOD.SearchService), returned result Microsoft.AspNetCore.Mvc.OkObjectResult in 1045.522ms.
2019-11-15 01:42:28.6811|INFO|Microsoft.AspNetCore.Mvc.Internal.ControllerActionInvoker|Executed action method MOD.SearchService.Controllers.SearchController.Get (MOD.SearchService), returned result Microsoft.AspNetCore.Mvc.OkObjectResult in 1045.522ms.
2019-11-15 01:42:28.6811|INFO|Microsoft.AspNetCore.Mvc.Infrastructure.ObjectResultExecutor|Executing ObjectResult, writing value of type 'System.Collections.Generic.List`1[[MOD.SearchService.Models.Training, MOD.SearchService, Version=1.0.0.0, Culture=neutral, PublicKeyToken=null]]'.
2019-11-15 01:42:28.6811|INFO|Microsoft.AspNetCore.Mvc.Infrastructure.ObjectResultExecutor|Executing ObjectResult, writing value of type 'System.Collections.Generic.List`1[[MOD.SearchService.Models.Training, MOD.SearchService, Version=1.0.0.0, Culture=neutral, PublicKeyToken=null]]'.
2019-11-15 01:42:28.7136|INFO|Microsoft.AspNetCore.Mvc.Internal.ControllerActionInvoker|Executed action MOD.SearchService.Controllers.SearchController.Get (MOD.SearchService) in 3065.197ms
2019-11-15 01:42:28.7136|INFO|Microsoft.AspNetCore.Mvc.Internal.ControllerActionInvoker|Executed action MOD.SearchService.Controllers.SearchController.Get (MOD.SearchService) in 3065.197ms
2019-11-15 01:42:28.7136|INFO|Microsoft.AspNetCore.Hosting.Internal.WebHost|Request finished in 3130.7868ms 200 application/json; charset=utf-8
2019-11-15 01:42:28.7136|INFO|Microsoft.AspNetCore.Hosting.Internal.WebHost|Request finished in 3130.7868ms 200 application/json; charset=utf-8
2019-11-15 01:42:28.7411|INFO|Microsoft.AspNetCore.Hosting.Internal.WebHost|Request starting HTTP/1.1 GET http://localhost:5005/favicon.ico  
2019-11-15 01:42:28.7411|INFO|Microsoft.AspNetCore.Hosting.Internal.WebHost|Request starting HTTP/1.1 GET http://localhost:5005/favicon.ico  
2019-11-15 01:42:28.7457|INFO|Microsoft.AspNetCore.Hosting.Internal.WebHost|Request finished in 4.554ms 404 
2019-11-15 01:42:28.7457|INFO|Microsoft.AspNetCore.Hosting.Internal.WebHost|Request finished in 4.554ms 404 
2019-11-15 01:42:38.4608|INFO|Microsoft.AspNetCore.Hosting.Internal.WebHost|Request starting HTTP/1.1 GET http://localhost:5005/api/search/ application/json 48
2019-11-15 01:42:38.4608|INFO|Microsoft.AspNetCore.Hosting.Internal.WebHost|Request starting HTTP/1.1 GET http://localhost:5005/api/search/ application/json 48
2019-11-15 01:42:38.4725|INFO|Microsoft.AspNetCore.Hosting.Internal.WebHost|Request finished in 4.4741ms 404 
2019-11-15 01:42:38.4725|INFO|Microsoft.AspNetCore.Hosting.Internal.WebHost|Request finished in 4.4741ms 404 
2019-11-15 01:42:38.4789|INFO|Microsoft.AspNetCore.Server.Kestrel|Connection id "0HLR97RCPTU9N", Request id "0HLR97RCPTU9N:00000002": the application completed without reading the entire request body.
2019-11-15 01:42:38.4789|INFO|Microsoft.AspNetCore.Server.Kestrel|Connection id "0HLR97RCPTU9N", Request id "0HLR97RCPTU9N:00000002": the application completed without reading the entire request body.
2019-11-15 01:42:45.7551|INFO|Microsoft.AspNetCore.Hosting.Internal.WebHost|Request starting HTTP/1.1 GET http://localhost:5005/api/search/C application/json 48
2019-11-15 01:42:45.7551|INFO|Microsoft.AspNetCore.Hosting.Internal.WebHost|Request starting HTTP/1.1 GET http://localhost:5005/api/search/C application/json 48
2019-11-15 01:42:45.7686|INFO|Microsoft.AspNetCore.Mvc.Internal.ControllerActionInvoker|Route matched with {action = "Get", controller = "Search"}. Executing controller action with signature Microsoft.AspNetCore.Mvc.ActionResult`1[System.Collections.Generic.IEnumerable`1[MOD.SearchService.Models.SearchResponse]] Get(System.String) on controller MOD.SearchService.Controllers.SearchController (MOD.SearchService).
2019-11-15 01:42:45.7686|INFO|Microsoft.AspNetCore.Mvc.Internal.ControllerActionInvoker|Route matched with {action = "Get", controller = "Search"}. Executing controller action with signature Microsoft.AspNetCore.Mvc.ActionResult`1[System.Collections.Generic.IEnumerable`1[MOD.SearchService.Models.SearchResponse]] Get(System.String) on controller MOD.SearchService.Controllers.SearchController (MOD.SearchService).
2019-11-15 01:42:50.1831|INFO|Microsoft.AspNetCore.Mvc.Internal.ControllerActionInvoker|Executing action method MOD.SearchService.Controllers.SearchController.Get (MOD.SearchService) - Validation state: Valid
2019-11-15 01:42:50.1831|INFO|Microsoft.AspNetCore.Mvc.Internal.ControllerActionInvoker|Executing action method MOD.SearchService.Controllers.SearchController.Get (MOD.SearchService) - Validation state: Valid
2019-11-15 01:42:53.0579|INFO|Microsoft.EntityFrameworkCore.Infrastructure|Entity Framework Core 2.1.11-servicing-32099 initialized 'SearchContext' using provider 'Microsoft.EntityFrameworkCore.SqlServer' with options: None
2019-11-15 01:42:53.0579|INFO|Microsoft.EntityFrameworkCore.Infrastructure|Entity Framework Core 2.1.11-servicing-32099 initialized 'SearchContext' using provider 'Microsoft.EntityFrameworkCore.SqlServer' with options: None
2019-11-15 01:42:53.0842|INFO|Microsoft.EntityFrameworkCore.Database.Command|Executed DbCommand (19ms) [Parameters=[@__ToUpper_0='?' (Size = 4000)], CommandType='Text', CommandTimeout='30']
SELECT [train].[Id], [train].[AmountReceived], [train].[AverageRating], [train].[CommisionAmount], [train].[EndDate], [train].[EndTime], [train].[Fees], [train].[MentorId], [train].[MentorName], [train].[Progress], [train].[Rating], [train].[StartDate], [train].[StartTime], [train].[Status], [train].[TechnologyId], [train].[TechnologyName], [train].[UserId], [train].[UserName]
FROM [Technologies] AS [tech]
INNER JOIN [Training] AS [train] ON [tech].[Id] = [train].[TechnologyId]
WHERE (CHARINDEX(@__ToUpper_0, UPPER([tech].[Name])) > 0) OR (@__ToUpper_0 = N'')
2019-11-15 01:42:53.0842|INFO|Microsoft.EntityFrameworkCore.Database.Command|Executed DbCommand (19ms) [Parameters=[@__ToUpper_0='?' (Size = 4000)], CommandType='Text', CommandTimeout='30']
SELECT [train].[Id], [train].[AmountReceived], [train].[AverageRating], [train].[CommisionAmount], [train].[EndDate], [train].[EndTime], [train].[Fees], [train].[MentorId], [train].[MentorName], [train].[Progress], [train].[Rating], [train].[StartDate], [train].[StartTime], [train].[Status], [train].[TechnologyId], [train].[TechnologyName], [train].[UserId], [train].[UserName]
FROM [Technologies] AS [tech]
INNER JOIN [Training] AS [train] ON [tech].[Id] = [train].[TechnologyId]
WHERE (CHARINDEX(@__ToUpper_0, UPPER([tech].[Name])) > 0) OR (@__ToUpper_0 = N'')
2019-11-15 01:42:53.0912|INFO|MOD.SearchService.Controllers.SearchController|SuccessIndicator = true
2019-11-15 01:42:53.0912|INFO|MOD.SearchService.Controllers.SearchController|SuccessIndicator = true
2019-11-15 01:42:53.0912|INFO|Microsoft.AspNetCore.Mvc.Internal.ControllerActionInvoker|Executed action method MOD.SearchService.Controllers.SearchController.Get (MOD.SearchService), returned result Microsoft.AspNetCore.Mvc.OkObjectResult in 2907.5071ms.
2019-11-15 01:42:53.0912|INFO|Microsoft.AspNetCore.Mvc.Internal.ControllerActionInvoker|Executed action method MOD.SearchService.Controllers.SearchController.Get (MOD.SearchService), returned result Microsoft.AspNetCore.Mvc.OkObjectResult in 2907.5071ms.
2019-11-15 01:42:53.0912|INFO|Microsoft.AspNetCore.Mvc.Infrastructure.ObjectResultExecutor|Executing ObjectResult, writing value of type 'System.Collections.Generic.List`1[[MOD.SearchService.Models.Training, MOD.SearchService, Version=1.0.0.0, Culture=neutral, PublicKeyToken=null]]'.
2019-11-15 01:42:53.0912|INFO|Microsoft.AspNetCore.Mvc.Infrastructure.ObjectResultExecutor|Executing ObjectResult, writing value of type 'System.Collections.Generic.List`1[[MOD.SearchService.Models.Training, MOD.SearchService, Version=1.0.0.0, Culture=neutral, PublicKeyToken=null]]'.
2019-11-15 01:42:53.1082|INFO|Microsoft.AspNetCore.Mvc.Internal.ControllerActionInvoker|Executed action MOD.SearchService.Controllers.SearchController.Get (MOD.SearchService) in 7331.129ms
2019-11-15 01:42:53.1082|INFO|Microsoft.AspNetCore.Mvc.Internal.ControllerActionInvoker|Executed action MOD.SearchService.Controllers.SearchController.Get (MOD.SearchService) in 7331.129ms
2019-11-15 01:42:53.1082|INFO|Microsoft.AspNetCore.Hosting.Internal.WebHost|Request finished in 7356.7981ms 200 application/json; charset=utf-8
2019-11-15 01:42:53.1082|INFO|Microsoft.AspNetCore.Hosting.Internal.WebHost|Request finished in 7356.7981ms 200 application/json; charset=utf-8
2019-11-15 01:42:53.1214|INFO|Microsoft.AspNetCore.Server.Kestrel|Connection id "0HLR97RCPTU9P", Request id "0HLR97RCPTU9P:00000001": the application completed without reading the entire request body.
2019-11-15 01:42:53.1214|INFO|Microsoft.AspNetCore.Server.Kestrel|Connection id "0HLR97RCPTU9P", Request id "0HLR97RCPTU9P:00000001": the application completed without reading the entire request body.
2019-11-15 17:53:49.2436|INFO|Microsoft.AspNetCore.DataProtection.KeyManagement.XmlKeyManager|User profile is available. Using 'C:\Users\Admin\AppData\Local\ASP.NET\DataProtection-Keys' as key repository and Windows DPAPI to encrypt keys at rest.
2019-11-15 17:53:49.8407|INFO|Microsoft.AspNetCore.Hosting.Internal.WebHost|Request starting HTTP/1.1 GET http://localhost:5005/api/search  
2019-11-15 17:53:49.8521|INFO|Microsoft.AspNetCore.Hosting.Internal.WebHost|Request starting HTTP/1.1 GET http://localhost:5005/api/search  
2019-11-15 17:53:49.9975|INFO|Microsoft.AspNetCore.Hosting.Internal.WebHost|Request finished in 157.4494ms 404 
2019-11-15 17:53:49.9975|INFO|Microsoft.AspNetCore.Hosting.Internal.WebHost|Request finished in 157.4494ms 404 
2019-11-15 17:53:50.9032|FATAL|Microsoft.AspNetCore.Hosting.Internal.HostedServiceExecutor|An error occurred starting the application
2019-11-15 17:53:50.9032|FATAL|Microsoft.AspNetCore.Hosting.Internal.HostedServiceExecutor|An error occurred starting the application
2019-11-15 17:54:23.7336|INFO|Microsoft.AspNetCore.Hosting.Internal.WebHost|Request starting HTTP/1.1 GET http://localhost:5005/api/search/C application/json 48
2019-11-15 17:54:23.7336|INFO|Microsoft.AspNetCore.Hosting.Internal.WebHost|Request starting HTTP/1.1 GET http://localhost:5005/api/search/C application/json 48
2019-11-15 17:54:23.8576|INFO|Microsoft.AspNetCore.Mvc.Internal.ControllerActionInvoker|Route matched with {action = "Get", controller = "Search"}. Executing controller action with signature Microsoft.AspNetCore.Mvc.ActionResult`1[System.Collections.Generic.IEnumerable`1[MOD.SearchService.Models.SearchResponse]] Get(System.String) on controller MOD.SearchService.Controllers.SearchController (MOD.SearchService).
2019-11-15 17:54:23.8576|INFO|Microsoft.AspNetCore.Mvc.Internal.ControllerActionInvoker|Route matched with {action = "Get", controller = "Search"}. Executing controller action with signature Microsoft.AspNetCore.Mvc.ActionResult`1[System.Collections.Generic.IEnumerable`1[MOD.SearchService.Models.SearchResponse]] Get(System.String) on controller MOD.SearchService.Controllers.SearchController (MOD.SearchService).
2019-11-15 17:54:27.7487|INFO|Microsoft.AspNetCore.Mvc.Internal.ControllerActionInvoker|Executing action method MOD.SearchService.Controllers.SearchController.Get (MOD.SearchService) - Validation state: Valid
2019-11-15 17:54:27.7487|INFO|Microsoft.AspNetCore.Mvc.Internal.ControllerActionInvoker|Executing action method MOD.SearchService.Controllers.SearchController.Get (MOD.SearchService) - Validation state: Valid
2019-11-15 17:54:28.6603|INFO|Microsoft.EntityFrameworkCore.Infrastructure|Entity Framework Core 2.1.11-servicing-32099 initialized 'SearchContext' using provider 'Microsoft.EntityFrameworkCore.SqlServer' with options: None
2019-11-15 17:54:28.6603|INFO|Microsoft.EntityFrameworkCore.Infrastructure|Entity Framework Core 2.1.11-servicing-32099 initialized 'SearchContext' using provider 'Microsoft.EntityFrameworkCore.SqlServer' with options: None
2019-11-15 17:54:28.8681|INFO|Microsoft.EntityFrameworkCore.Database.Command|Executed DbCommand (33ms) [Parameters=[@__ToUpper_0='?' (Size = 4000)], CommandType='Text', CommandTimeout='30']
SELECT [train].[Id], [train].[AmountReceived], [train].[AverageRating], [train].[CommisionAmount], [train].[EndDate], [train].[EndTime], [train].[Fees], [train].[MentorId], [train].[MentorName], [train].[Progress], [train].[Rating], [train].[StartDate], [train].[StartTime], [train].[Status], [train].[TechnologyId], [train].[TechnologyName], [train].[UserId], [train].[UserName]
FROM [Technologies] AS [tech]
INNER JOIN [Training] AS [train] ON [tech].[Id] = [train].[TechnologyId]
WHERE (CHARINDEX(@__ToUpper_0, UPPER([tech].[Name])) > 0) OR (@__ToUpper_0 = N'')
2019-11-15 17:54:28.8681|INFO|Microsoft.EntityFrameworkCore.Database.Command|Executed DbCommand (33ms) [Parameters=[@__ToUpper_0='?' (Size = 4000)], CommandType='Text', CommandTimeout='30']
SELECT [train].[Id], [train].[AmountReceived], [train].[AverageRating], [train].[CommisionAmount], [train].[EndDate], [train].[EndTime], [train].[Fees], [train].[MentorId], [train].[MentorName], [train].[Progress], [train].[Rating], [train].[StartDate], [train].[StartTime], [train].[Status], [train].[TechnologyId], [train].[TechnologyName], [train].[UserId], [train].[UserName]
FROM [Technologies] AS [tech]
INNER JOIN [Training] AS [train] ON [tech].[Id] = [train].[TechnologyId]
WHERE (CHARINDEX(@__ToUpper_0, UPPER([tech].[Name])) > 0) OR (@__ToUpper_0 = N'')
2019-11-15 17:54:28.9491|INFO|MOD.SearchService.Controllers.SearchController|SuccessIndicator = true
2019-11-15 17:54:28.9491|INFO|MOD.SearchService.Controllers.SearchController|SuccessIndicator = true
2019-11-15 17:54:28.9491|INFO|Microsoft.AspNetCore.Mvc.Internal.ControllerActionInvoker|Executed action method MOD.SearchService.Controllers.SearchController.Get (MOD.SearchService), returned result Microsoft.AspNetCore.Mvc.OkObjectResult in 1202.3417ms.
2019-11-15 17:54:28.9612|INFO|Microsoft.AspNetCore.Mvc.Internal.ControllerActionInvoker|Executed action method MOD.SearchService.Controllers.SearchController.Get (MOD.SearchService), returned result Microsoft.AspNetCore.Mvc.OkObjectResult in 1202.3417ms.
2019-11-15 17:54:28.9612|INFO|Microsoft.AspNetCore.Mvc.Infrastructure.ObjectResultExecutor|Executing ObjectResult, writing value of type 'System.Collections.Generic.List`1[[MOD.SearchService.Models.Training, MOD.SearchService, Version=1.0.0.0, Culture=neutral, PublicKeyToken=null]]'.
2019-11-15 17:54:28.9612|INFO|Microsoft.AspNetCore.Mvc.Infrastructure.ObjectResultExecutor|Executing ObjectResult, writing value of type 'System.Collections.Generic.List`1[[MOD.SearchService.Models.Training, MOD.SearchService, Version=1.0.0.0, Culture=neutral, PublicKeyToken=null]]'.
2019-11-15 17:54:29.0277|INFO|Microsoft.AspNetCore.Mvc.Internal.ControllerActionInvoker|Executed action MOD.SearchService.Controllers.SearchController.Get (MOD.SearchService) in 5163.8463ms
2019-11-15 17:54:29.0277|INFO|Microsoft.AspNetCore.Mvc.Internal.ControllerActionInvoker|Executed action MOD.SearchService.Controllers.SearchController.Get (MOD.SearchService) in 5163.8463ms
2019-11-15 17:54:29.0277|INFO|Microsoft.AspNetCore.Hosting.Internal.WebHost|Request finished in 5303.6564ms 200 application/json; charset=utf-8
2019-11-15 17:54:29.0277|INFO|Microsoft.AspNetCore.Hosting.Internal.WebHost|Request finished in 5303.6564ms 200 application/json; charset=utf-8
2019-11-15 17:54:29.0494|INFO|Microsoft.AspNetCore.Server.Kestrel|Connection id "0HLR9OQLMEAI7", Request id "0HLR9OQLMEAI7:00000001": the application completed without reading the entire request body.
2019-11-15 17:54:29.0494|INFO|Microsoft.AspNetCore.Server.Kestrel|Connection id "0HLR9OQLMEAI7", Request id "0HLR9OQLMEAI7:00000001": the application completed without reading the entire request body.
